[backblue.gif]
[fade.gif]
[index.html]
[bharatmatka.in.net/images/Google-Play-Logo.webp]
[bharatmatka.in.net/app/RatanMatka.apk]
[bharatmatka.in.net/images/logo.png]
[bharatmatka.in.net/images/screen-1.png]
[bharatmatka.in.net/images/screen-2.png]
[bharatmatka.in.net/images/screen-3.png]
[bharatmatka.in.net/images/screen-4.png]
[bharatmatka.in.net/images/icon-1.webp]
[bharatmatka.in.net/images/icon-2.webp]
[bharatmatka.in.net/images/icon-4.webp]
[bharatmatka.in.net/js/all.bundle.min.js]
[bharatmatka.in.net/index.html]
[bharatmatka.in.net/images/favicon.html]
[bharatmatka.in.net/css/all.bundle.style.css]
[bharatmatka.in.net/css/line-awesome.min.css]
[bharatmatka.in.net/css/font-awesome.min.css]
[bharatmatka.in.net/images/apple-touch-icon.html]
[bharatmatka.in.net/images/favicon-32x32.html]
[bharatmatka.in.net/images/favicon-16x16.html]
[bharatmatka.in.net/website/images/screen-5.html]
[bharatmatka.in.net/css/owl.video.play.html]
